[debug] [2023-09-08T17:34:39.934Z] ----------------------------------------------------------------------
[debug] [2023-09-08T17:34:39.939Z] Command:       C:\Program Files\nodejs\node.exe C:\Users\USER\AppData\Roaming\npm\node_modules\firebase-tools\lib\bin\firebase.js init
[debug] [2023-09-08T17:34:39.941Z] CLI Version:   12.5.2
[debug] [2023-09-08T17:34:39.941Z] Platform:      win32
[debug] [2023-09-08T17:34:39.942Z] Node Version:  v16.14.2
[debug] [2023-09-08T17:34:39.944Z] Time:          Fri Sep 08 2023 18:34:39 GMT+0100 (West Africa Standard Time)
[debug] [2023-09-08T17:34:39.945Z] ----------------------------------------------------------------------
[debug] 
[debug] [2023-09-08T17:34:39.977Z] > command requires scopes: ["email","openid","https://www.googleapis.com/auth/cloudplatformprojects.readonly","https://www.googleapis.com/auth/firebase","https://www.googleapis.com/auth/cloud-platform"]
[debug] [2023-09-08T17:34:39.979Z] > authorizing via signed-in user (juliusrlnd@gmail.com)
[info] 
     ######## #### ########  ######## ########     ###     ######  ########
     ##        ##  ##     ## ##       ##     ##  ##   ##  ##       ##
     ######    ##  ########  ######   ########  #########  ######  ######
     ##        ##  ##    ##  ##       ##     ## ##     ##       ## ##
     ##       #### ##     ## ######## ########  ##     ##  ######  ########

You're about to initialize a Firebase project in this directory:

  C:\Users\USER\slut-app

[info] 
=== Project Setup
[info] 
[info] First, let's associate this project directory with a Firebase project.
[info] You can create multiple project aliases by running firebase use --add, 
[info] but for now we'll just set up a default project.
[info] 
[debug] [2023-09-08T17:43:16.734Z] >>> [apiv2][query] GET https://firebase.googleapis.com/v1beta1/projects pageSize=100
[debug] [2023-09-08T17:43:18.169Z] <<< [apiv2][status] GET https://firebase.googleapis.com/v1beta1/projects 200
[debug] [2023-09-08T17:43:18.170Z] <<< [apiv2][body] GET https://firebase.googleapis.com/v1beta1/projects [omitted]
[info] i  Using project mypro-81325 (mypro) 
[info] 
=== Hosting Setup
[info] 
[info] Your public directory is the folder (relative to your project directory) that
[info] will contain Hosting assets to be uploaded with firebase deploy. If you
[info] have a build process for your assets, use your build's output directory.
[info] 
[debug] [2023-09-08T17:52:13.241Z] >>> [apiv2][query] GET https://www.gstatic.com/firebasejs/releases.json [none]
[debug] [2023-09-08T17:52:13.839Z] <<< [apiv2][status] GET https://www.gstatic.com/firebasejs/releases.json 200
[debug] [2023-09-08T17:52:13.840Z] <<< [apiv2][body] GET https://www.gstatic.com/firebasejs/releases.json {"current":{"version":"10.3.1","browserURL":"https://www.gstatic.com/firebasejs/10.3.1/firebase.js","packageURL":"https://www.gstatic.com/firebasejs/10.3.1/firebase.tgz"},"live":{"version":"10.3","browserURL":"https://www.gstatic.com/firebasejs/live/10.3/firebase.js","packageURL":"https://www.gstatic.com/firebasejs/live/10.3/firebase.tgz"},"components":{"analytics":"https://www.gstatic.com/firebasejs/10.3.1/firebase-analytics.js","app":"https://www.gstatic.com/firebasejs/10.3.1/firebase-app.js","app-check":"https://www.gstatic.com/firebasejs/10.3.1/firebase-app-check.js","auth":"https://www.gstatic.com/firebasejs/10.3.1/firebase-auth.js","auth/cordova":"https://www.gstatic.com/firebasejs/10.3.1/firebase-auth/cordova.js","functions":"https://www.gstatic.com/firebasejs/10.3.1/firebase-functions.js","firestore":"https://www.gstatic.com/firebasejs/10.3.1/firebase-firestore.js","firestore/lite":"https://www.gstatic.com/firebasejs/10.3.1/firebase-firestore/lite.js","installations":"https://www.gstatic.com/firebasejs/10.3.1/firebase-installations.js","storage":"https://www.gstatic.com/firebasejs/10.3.1/firebase-storage.js","performance":"https://www.gstatic.com/firebasejs/10.3.1/firebase-performance.js","remote-config":"https://www.gstatic.com/firebasejs/10.3.1/firebase-remote-config.js","messaging":"https://www.gstatic.com/firebasejs/10.3.1/firebase-messaging.js","messaging/sw":"https://www.gstatic.com/firebasejs/10.3.1/firebase-messaging/sw.js","database":"https://www.gstatic.com/firebasejs/10.3.1/firebase-database.js","firestore.memory":"https://www.gstatic.com/firebasejs/10.3.1/firebase-firestore.memory.js"}}
[info] i  Skipping write of dist/slut-app/index.html 
[info] 
[info] i  Detected a .git folder at C:\Users\USER\slut-app 
[info] i  Authorizing with GitHub to upload your service account to a GitHub repository's secrets store. 
[info] 
[info] Visit this URL on this device to log in:
[info] https://github.com/login/oauth/authorize?client_id=89cf50f02ac6aaed3484&state=449693588&redirect_uri=http%3A%2F%2Flocalhost%3A9005&scope=read%3Auser%20repo%20public_repo
[info] 
[info] Waiting for authentication...
[debug] [2023-09-08T17:53:28.538Z] >>> [apiv2][query] POST https://github.com/login/oauth/access_token [none]
[debug] [2023-09-08T17:53:28.539Z] >>> [apiv2][body] POST https://github.com/login/oauth/access_token [stream]
[debug] [2023-09-08T17:53:29.767Z] <<< [apiv2][status] POST https://github.com/login/oauth/access_token 200
[debug] [2023-09-08T17:53:29.767Z] <<< [apiv2][body] POST https://github.com/login/oauth/access_token {"access_token":"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","token_type":"bearer","scope":"read:user,repo"}
[debug] [2023-09-08T17:53:29.962Z] >>> [apiv2][query] GET https://api.github.com/user [none]
[debug] [2023-09-08T17:53:31.011Z] <<< [apiv2][status] GET https://api.github.com/user 200
[debug] [2023-09-08T17:53:31.011Z] <<< [apiv2][body] GET https://api.github.com/user {"login":"providingperspectives","id":40553423,"node_id":"MDQ6VXNlcjQwNTUzNDIz","avatar_url":"https://avatars.githubusercontent.com/u/40553423?v=4","gravatar_id":"","url":"https://api.github.com/users/providingperspectives","html_url":"https://github.com/providingperspectives","followers_url":"https://api.github.com/users/providingperspectives/followers","following_url":"https://api.github.com/users/providingperspectives/following{/other_user}","gists_url":"https://api.github.com/users/providingperspectives/gists{/gist_id}","starred_url":"https://api.github.com/users/providingperspectives/starred{/owner}{/repo}","subscriptions_url":"https://api.github.com/users/providingperspectives/subscriptions","organizations_url":"https://api.github.com/users/providingperspectives/orgs","repos_url":"https://api.github.com/users/providingperspectives/repos","events_url":"https://api.github.com/users/providingperspectives/events{/privacy}","received_events_url":"https://api.github.com/users/providingperspectives/received_events","type":"User","site_admin":false,"name":"Chuks","company":null,"blog":"","location":"Port Harcourt","email":null,"hireable":true,"bio":null,"twitter_username":null,"public_repos":24,"public_gists":2,"followers":0,"following":1,"created_at":"2018-06-25T02:35:14Z","updated_at":"2023-05-17T16:24:29Z","private_gists":0,"total_private_repos":5,"owned_private_repos":5,"disk_usage":19136,"collaborators":0,"two_factor_authentication":false,"plan":{"name":"free","space":976562499,"collaborators":0,"private_repos":10000}}
[info] 
[info] +  Success! Logged into GitHub as providingperspectives 
[info] 
